
Tree : - 1  2  3  6  0  4  8  0  7  
1 2 6 7 3 4 8 
Tree : - 1  2  3  6  0  4  8  0  7  
2 6 7 
Tree : - 1  2  3  6  0  4  8  0  7  
3 4 8 
Tree : - 1  2  3  6  0  4  8  0  7  
6 7 
Tree : - 1  2  3  6  0  4  8  0  7  
4 
Tree : - 1  2  3  6  0  4  8  0  7  
8 
Tree : - 1  2  3  6  0  4  8  0  7  
7 
Tree : - 1  2  3  6  0  4  8  0  7  
6 7 2 1 4 3 8 
Tree : - 1  2  3  6  0  4  8  0  7  
6 7 2 
Tree : - 1  2  3  6  0  4  8  0  7  
4 3 8 
Tree : - 1  2  3  6  0  4  8  0  7  
6 7 
Tree : - 1  2  3  6  0  4  8  0  7  
4 
Tree : - 1  2  3  6  0  4  8  0  7  
8 
Tree : - 1  2  3  6  0  4  8  0  7  
7 
Tree : - 1  2  3  6  0  4  8  0  7  
7 6 2 4 8 3 1 
Tree : - 1  2  3  6  0  4  8  0  7  
7 6 2 
Tree : - 1  2  3  6  0  4  8  0  7  
4 8 3 
Tree : - 1  2  3  6  0  4  8  0  7  
7 6 
Tree : - 1  2  3  6  0  4  8  0  7  
4 
Tree : - 1  2  3  6  0  4  8  0  7  
8 
Tree : - 1  2  3  6  0  4  8  0  7  
7 
Tree : - 1  2  3  6  0  4  8  0  7  

Tree : - 1  2  3  4  11  8  5  6  9  14  19  17  16  15  10  7  18  13  12  20  
1 2 4 6 7 18 9 13 12 11 14 20 19 3 8 17 16 5 15 10 
Tree : - 1  2  3  4  11  8  5  6  9  14  19  17  16  15  10  7  18  13  12  20  
2 4 6 7 18 9 13 12 11 14 20 19 
Tree : - 1  2  3  4  11  8  5  6  9  14  19  17  16  15  10  7  18  13  12  20  
3 8 17 16 5 15 10 
Tree : - 1  2  3  4  11  8  5  6  9  14  19  17  16  15  10  7  18  13  12  20  
4 6 7 18 9 13 12 
Tree : - 1  2  3  4  11  8  5  6  9  14  19  17  16  15  10  7  18  13  12  20  
8 17 16 
Tree : - 1  2  3  4  11  8  5  6  9  14  19  17  16  15  10  7  18  13  12  20  
5 15 10 
Tree : - 1  2  3  4  11  8  5  6  9  14  19  17  16  15  10  7  18  13  12  20  
9 13 12 
Tree : - 1  2  3  4  11  8  5  6  9  14  19  17  16  15  10  7  18  13  12  20  
7 6 18 4 13 9 12 2 20 14 11 19 1 17 8 16 3 15 5 10 
Tree : - 1  2  3  4  11  8  5  6  9  14  19  17  16  15  10  7  18  13  12  20  
7 6 18 4 13 9 12 2 20 14 11 19 
Tree : - 1  2  3  4  11  8  5  6  9  14  19  17  16  15  10  7  18  13  12  20  
17 8 16 3 15 5 10 
Tree : - 1  2  3  4  11  8  5  6  9  14  19  17  16  15  10  7  18  13  12  20  
7 6 18 4 13 9 12 
Tree : - 1  2  3  4  11  8  5  6  9  14  19  17  16  15  10  7  18  13  12  20  
17 8 16 
Tree : - 1  2  3  4  11  8  5  6  9  14  19  17  16  15  10  7  18  13  12  20  
15 5 10 
Tree : - 1  2  3  4  11  8  5  6  9  14  19  17  16  15  10  7  18  13  12  20  
13 9 12 
Tree : - 1  2  3  4  11  8  5  6  9  14  19  17  16  15  10  7  18  13  12  20  
7 18 6 13 12 9 4 20 14 19 11 2 17 16 8 15 10 5 3 1 
Tree : - 1  2  3  4  11  8  5  6  9  14  19  17  16  15  10  7  18  13  12  20  
7 18 6 13 12 9 4 20 14 19 11 2 
Tree : - 1  2  3  4  11  8  5  6  9  14  19  17  16  15  10  7  18  13  12  20  
17 16 8 15 10 5 3 
Tree : - 1  2  3  4  11  8  5  6  9  14  19  17  16  15  10  7  18  13  12  20  
7 18 6 13 12 9 4 
Tree : - 1  2  3  4  11  8  5  6  9  14  19  17  16  15  10  7  18  13  12  20  
17 16 8 
Tree : - 1  2  3  4  11  8  5  6  9  14  19  17  16  15  10  7  18  13  12  20  
15 10 5 
Tree : - 1  2  3  4  11  8  5  6  9  14  19  17  16  15  10  7  18  13  12  20  
13 12 9 
Tree : - 1  2  3  4  11  8  5  6  9  14  19  17  16  15  10  7  18  13  12  20  

Tree : - 1  2  3  4  5  0  7  0  0  10  11  0  0  14  15  
1 2 4 5 10 11 3 7 14 15 
Tree : - 1  2  3  4  5  0  7  0  0  10  11  0  0  14  15  
2 4 5 10 11 
Tree : - 1  2  3  4  5  0  7  0  0  10  11  0  0  14  15  
3 7 14 15 
Tree : - 1  2  3  4  5  0  7  0  0  10  11  0  0  14  15  
4 
Tree : - 1  2  3  4  5  0  7  0  0  10  11  0  0  14  15  
5 10 11 
Tree : - 1  2  3  4  5  0  7  0  0  10  11  0  0  14  15  
7 14 15 
Tree : - 1  2  3  4  5  0  7  0  0  10  11  0  0  14  15  
4 2 10 5 11 1 3 14 7 15 
Tree : - 1  2  3  4  5  0  7  0  0  10  11  0  0  14  15  
4 2 10 5 11 
Tree : - 1  2  3  4  5  0  7  0  0  10  11  0  0  14  15  
3 14 7 15 
Tree : - 1  2  3  4  5  0  7  0  0  10  11  0  0  14  15  
4 
Tree : - 1  2  3  4  5  0  7  0  0  10  11  0  0  14  15  
10 5 11 
Tree : - 1  2  3  4  5  0  7  0  0  10  11  0  0  14  15  
14 7 15 
Tree : - 1  2  3  4  5  0  7  0  0  10  11  0  0  14  15  
4 10 11 5 2 14 15 7 3 1 
Tree : - 1  2  3  4  5  0  7  0  0  10  11  0  0  14  15  
4 10 11 5 2 
Tree : - 1  2  3  4  5  0  7  0  0  10  11  0  0  14  15  
14 15 7 3 
Tree : - 1  2  3  4  5  0  7  0  0  10  11  0  0  14  15  
4 
Tree : - 1  2  3  4  5  0  7  0  0  10  11  0  0  14  15  
10 11 5 
Tree : - 1  2  3  4  5  0  7  0  0  10  11  0  0  14  15  
14 15 7 
Tree : - 1  2  3  4  5  0  7  0  0  10  11  0  0  14  15  

Tree : - 1  2  3  4  0  6  7  8  9  0  0  0  13  14  15  
1 2 4 8 9 3 6 13 7 14 15 
Tree : - 1  2  3  4  0  6  7  8  9  0  0  0  13  14  15  
2 4 8 9 
Tree : - 1  2  3  4  0  6  7  8  9  0  0  0  13  14  15  
3 6 13 7 14 15 
Tree : - 1  2  3  4  0  6  7  8  9  0  0  0  13  14  15  
4 8 9 
Tree : - 1  2  3  4  0  6  7  8  9  0  0  0  13  14  15  
6 13 
Tree : - 1  2  3  4  0  6  7  8  9  0  0  0  13  14  15  
7 14 15 
Tree : - 1  2  3  4  0  6  7  8  9  0  0  0  13  14  15  
8 4 9 2 1 6 13 3 14 7 15 
Tree : - 1  2  3  4  0  6  7  8  9  0  0  0  13  14  15  
8 4 9 2 
Tree : - 1  2  3  4  0  6  7  8  9  0  0  0  13  14  15  
6 13 3 14 7 15 
Tree : - 1  2  3  4  0  6  7  8  9  0  0  0  13  14  15  
8 4 9 
Tree : - 1  2  3  4  0  6  7  8  9  0  0  0  13  14  15  
6 13 
Tree : - 1  2  3  4  0  6  7  8  9  0  0  0  13  14  15  
14 7 15 
Tree : - 1  2  3  4  0  6  7  8  9  0  0  0  13  14  15  
8 9 4 2 13 6 14 15 7 3 1 
Tree : - 1  2  3  4  0  6  7  8  9  0  0  0  13  14  15  
8 9 4 2 
Tree : - 1  2  3  4  0  6  7  8  9  0  0  0  13  14  15  
13 6 14 15 7 3 
Tree : - 1  2  3  4  0  6  7  8  9  0  0  0  13  14  15  
8 9 4 
Tree : - 1  2  3  4  0  6  7  8  9  0  0  0  13  14  15  
13 6 
Tree : - 1  2  3  4  0  6  7  8  9  0  0  0  13  14  15  
14 15 7 
Tree : - 1  2  3  4  0  6  7  8  9  0  0  0  13  14  15  

Tree : - 1  2  3  4  5  6  0  0  0  10  11  12  13  0  0  
1 2 4 5 10 11 3 6 12 13 
Tree : - 1  2  3  4  5  6  0  0  0  10  11  12  13  0  0  
2 4 5 10 11 
Tree : - 1  2  3  4  5  6  0  0  0  10  11  12  13  0  0  
3 6 12 13 
Tree : - 1  2  3  4  5  6  0  0  0  10  11  12  13  0  0  
4 
Tree : - 1  2  3  4  5  6  0  0  0  10  11  12  13  0  0  
6 12 13 
Tree : - 1  2  3  4  5  6  0  0  0  10  11  12  13  0  0  
10 
Tree : - 1  2  3  4  5  6  0  0  0  10  11  12  13  0  0  
4 2 10 5 11 1 12 6 13 3 
Tree : - 1  2  3  4  5  6  0  0  0  10  11  12  13  0  0  
4 2 10 5 11 
Tree : - 1  2  3  4  5  6  0  0  0  10  11  12  13  0  0  
12 6 13 3 
Tree : - 1  2  3  4  5  6  0  0  0  10  11  12  13  0  0  
4 
Tree : - 1  2  3  4  5  6  0  0  0  10  11  12  13  0  0  
12 6 13 
Tree : - 1  2  3  4  5  6  0  0  0  10  11  12  13  0  0  
10 
Tree : - 1  2  3  4  5  6  0  0  0  10  11  12  13  0  0  
4 10 11 5 2 12 13 6 3 1 
Tree : - 1  2  3  4  5  6  0  0  0  10  11  12  13  0  0  
4 10 11 5 2 
Tree : - 1  2  3  4  5  6  0  0  0  10  11  12  13  0  0  
12 13 6 3 
Tree : - 1  2  3  4  5  6  0  0  0  10  11  12  13  0  0  
4 
Tree : - 1  2  3  4  5  6  0  0  0  10  11  12  13  0  0  
12 13 6 
Tree : - 1  2  3  4  5  6  0  0  0  10  11  12  13  0  0  
10 
Tree : - 1  2  3  4  5  6  0  0  0  10  11  12  13  0  0  
